<?xml version="1.0" encoding="UTF-8"?>
<testsuite name="SimpleCalculatorTest" tests="4" skipped="0" failures="0" errors="0" timestamp="2020-11-30T18:11:19" hostname="seths-mbp.lan" time="0.002">
  <properties/>
  <testcase name="testAdd" classname="SimpleCalculatorTest" time="0.001"/>
  <testcase name="testDiv" classname="SimpleCalculatorTest" time="0.0"/>
  <testcase name="testMul" classname="SimpleCalculatorTest" time="0.0"/>
  <testcase name="testSub" classname="SimpleCalculatorTest" time="0.0"/>
  <system-out><![CDATA[]]></system-out>
  <system-err><![CDATA[]]></system-err>
</testsuite>
